npm warn config ignoring workspace config at /home/ralph/project/web/.npmrc

> web@0.1.0 build
> next build

 ⚠ Warning: Next.js inferred your workspace root, but it may not be correct.
 We detected multiple lockfiles and selected the directory of /home/ralph/project/package-lock.json as the root directory.
 To silence this warning, set `outputFileTracingRoot` in your Next.js config, or consider removing one of the lockfiles if it's not needed.
   See https://nextjs.org/docs/app/api-reference/config/next-config-js/output#caveats for more information.
 Detected additional lockfiles: 
   * /home/ralph/project/web/pnpm-lock.yaml

   ▲ Next.js 15.5.7
   - Environments: .env.local

   Creating an optimized production build ...
 ✓ Compiled successfully in 36.9s
   Skipping validation of types
   Skipping linting
   Collecting page data ...
   Generating static pages (0/26) ...
   Generating static pages (6/26) 
   Generating static pages (12/26) 
   Generating static pages (19/26) 
 ✓ Generating static pages (26/26)
   Finalizing page optimization ...
   Collecting build traces ...

Route (app)                                 Size  First Load JS
┌ ○ /                                    17.4 kB         282 kB
├ ○ /_not-found                          1.01 kB         158 kB
├ ƒ /api/admin/scraper/status              180 B         157 kB
├ ƒ /api/chat/bench                        180 B         157 kB
├ ƒ /api/chat/generate-title               180 B         157 kB
├ ƒ /api/chat/messages                     180 B         157 kB
├ ƒ /api/ingest                            180 B         157 kB
├ ƒ /api/ingest/[job_id]                   180 B         157 kB
├ ƒ /api/netlistify                        180 B         157 kB
├ ƒ /api/rag/ingest                        180 B         157 kB
├ ƒ /api/rag/query                         180 B         157 kB
├ ƒ /api/search                            180 B         157 kB
├ ƒ /api/stripe/checkout                   180 B         157 kB
├ ƒ /api/stripe/portal                     180 B         157 kB
├ ƒ /api/stripe/webhook                    180 B         157 kB
├ ƒ /api/vehicle/[id]                      180 B         157 kB
├ ƒ /api/vehicle/[id]/graph                180 B         157 kB
├ ƒ /api/waitlist                          180 B         157 kB
├ ○ /auth/auth-code-error                1.43 kB         167 kB
├ ƒ /auth/callback                         180 B         157 kB
├ ƒ /c/[chat-id]                           329 B         643 kB
├ ○ /chat                                  426 B         1.8 MB
├ ○ /checkout/cancel                     2.74 kB         210 kB
├ ○ /checkout/success                    6.95 kB         214 kB
├ ○ /demo/bench                            350 B         643 kB
├ ƒ /g/[workspace-id]/project              777 B        1.79 MB
├ ○ /pricing                             38.9 kB         256 kB
└ ○ /setup                               8.77 kB         278 kB
+ First Load JS shared by all             157 kB
  ├ chunks/1255-6fd5d4fccde47f0f.js      45.5 kB
  ├ chunks/4bd1b696-100b9d70ed4e49c1.js  54.2 kB
  ├ chunks/6a1f7758-ca4149cce76d6984.js  54.8 kB
  └ other shared chunks (total)          2.29 kB


○  (Static)   prerendered as static content
ƒ  (Dynamic)  server-rendered on demand

